<component name="libraryTable">
  <library name="junit-4.13">
    <CLASSES>
      <root url="jar://$PROJECT_DIR$/src/com/jar/junit-4.13.jar!/" />
    </CLASSES>
    <JAVADOC />
    <SOURCES />
  </library>
</component>